    1    15    16    26      0.121
    1    15    16    27      0.128
    1    15    16    39      0.130
    1    15    16    42      0.135
    1    15    16    44      0.154
    1    15    16    45      0.163
    1    15    16    46      0.172
    1    15    16    62      0.175
    1    15    16    63      0.196
    1    15    16    64      0.249
    2    62    63    74      0.266
    5    43    44    74      0.267
    5    43    44    75      0.268
    5    43    45    74      0.274
    5    43    45    75      0.275
    5    43    46    74      0.289
    5    43    46    75      0.290
    5    43    47    75      0.290
    5    43    52    74      0.301
    5    43    52    75      0.301
    5    43    53    72      0.306
    5    43    53    73      0.310
    5    43    53    74      0.333
    5    43    53    75      0.333
   12    66     1    11      0.472
